{
  "nbformat": 4,
  "nbformat_minor": 0,
  "metadata": {
    "colab": {
      "provenance": [],
      "authorship_tag": "ABX9TyOBBbnlyjWLyKtf0epnEa+v",
      "include_colab_link": true
    },
    "kernelspec": {
      "name": "python3",
      "display_name": "Python 3"
    },
    "language_info": {
      "name": "python"
    }
  },
  "cells": [
    {
      "cell_type": "markdown",
      "metadata": {
        "id": "view-in-github",
        "colab_type": "text"
      },
      "source": [
        "<a href=\"https://colab.research.google.com/github/smashcoder/DeepLearningSppu/blob/main/PRACTICAL-4\" target=\"_parent\"><img src=\"https://colab.research.google.com/assets/colab-badge.svg\" alt=\"Open In Colab\"/></a>"
      ]
    },
    {
      "cell_type": "code",
      "execution_count": null,
      "metadata": {
        "colab": {
          "base_uri": "https://localhost:8080/",
          "height": 792
        },
        "id": "6mBU_rqVf6N4",
        "outputId": "07fb8ca6-ed5b-4923-cae8-9c0c736fc92c"
      },
      "outputs": [
        {
          "output_type": "stream",
          "name": "stdout",
          "text": [
            "Collecting theano\n",
            "  Downloading Theano-1.0.5.tar.gz (2.8 MB)\n",
            "\u001b[2K     \u001b[90m━━━━━━━━━━━━━━━━━━━━━━━━━━━━━━━━━━━━━━━━\u001b[0m \u001b[32m2.8/2.8 MB\u001b[0m \u001b[31m8.5 MB/s\u001b[0m eta \u001b[36m0:00:00\u001b[0m\n",
            "\u001b[?25h  Preparing metadata (setup.py) ... \u001b[?25l\u001b[?25hdone\n",
            "Requirement already satisfied: numpy>=1.9.1 in /usr/local/lib/python3.10/dist-packages (from theano) (1.22.4)\n",
            "Requirement already satisfied: scipy>=0.14 in /usr/local/lib/python3.10/dist-packages (from theano) (1.10.1)\n",
            "Requirement already satisfied: six>=1.9.0 in /usr/local/lib/python3.10/dist-packages (from theano) (1.16.0)\n",
            "Building wheels for collected packages: theano\n",
            "  Building wheel for theano (setup.py) ... \u001b[?25l\u001b[?25hdone\n",
            "  Created wheel for theano: filename=Theano-1.0.5-py3-none-any.whl size=2668108 sha256=2bc9cd13d7406ea7ec789d874583a23acfd1e4a59b1c6835e602651933146caf\n",
            "  Stored in directory: /root/.cache/pip/wheels/d9/e6/7d/2267d21a99e4ab8276f976f293b4ff23f50c9d809f4a216ebb\n",
            "Successfully built theano\n",
            "Installing collected packages: theano\n",
            "Successfully installed theano-1.0.5\n"
          ]
        },
        {
          "output_type": "error",
          "ename": "AttributeError",
          "evalue": "ignored",
          "traceback": [
            "\u001b[0;31m---------------------------------------------------------------------------\u001b[0m",
            "\u001b[0;31mNoSectionError\u001b[0m                            Traceback (most recent call last)",
            "\u001b[0;32m/usr/local/lib/python3.10/dist-packages/theano/configparser.py\u001b[0m in \u001b[0;36mfetch_val_for_key\u001b[0;34m(key, delete_key)\u001b[0m\n\u001b[1;32m    167\u001b[0m         \u001b[0;32mtry\u001b[0m\u001b[0;34m:\u001b[0m\u001b[0;34m\u001b[0m\u001b[0;34m\u001b[0m\u001b[0m\n\u001b[0;32m--> 168\u001b[0;31m             \u001b[0;32mreturn\u001b[0m \u001b[0mtheano_cfg\u001b[0m\u001b[0;34m.\u001b[0m\u001b[0mget\u001b[0m\u001b[0;34m(\u001b[0m\u001b[0msection\u001b[0m\u001b[0;34m,\u001b[0m \u001b[0moption\u001b[0m\u001b[0;34m)\u001b[0m\u001b[0;34m\u001b[0m\u001b[0;34m\u001b[0m\u001b[0m\n\u001b[0m\u001b[1;32m    169\u001b[0m         \u001b[0;32mexcept\u001b[0m \u001b[0mConfigParser\u001b[0m\u001b[0;34m.\u001b[0m\u001b[0mInterpolationError\u001b[0m\u001b[0;34m:\u001b[0m\u001b[0;34m\u001b[0m\u001b[0;34m\u001b[0m\u001b[0m\n",
            "\u001b[0;32m/usr/lib/python3.10/configparser.py\u001b[0m in \u001b[0;36mget\u001b[0;34m(self, section, option, raw, vars, fallback)\u001b[0m\n\u001b[1;32m    782\u001b[0m         \u001b[0;32mtry\u001b[0m\u001b[0;34m:\u001b[0m\u001b[0;34m\u001b[0m\u001b[0;34m\u001b[0m\u001b[0m\n\u001b[0;32m--> 783\u001b[0;31m             \u001b[0md\u001b[0m \u001b[0;34m=\u001b[0m \u001b[0mself\u001b[0m\u001b[0;34m.\u001b[0m\u001b[0m_unify_values\u001b[0m\u001b[0;34m(\u001b[0m\u001b[0msection\u001b[0m\u001b[0;34m,\u001b[0m \u001b[0mvars\u001b[0m\u001b[0;34m)\u001b[0m\u001b[0;34m\u001b[0m\u001b[0;34m\u001b[0m\u001b[0m\n\u001b[0m\u001b[1;32m    784\u001b[0m         \u001b[0;32mexcept\u001b[0m \u001b[0mNoSectionError\u001b[0m\u001b[0;34m:\u001b[0m\u001b[0;34m\u001b[0m\u001b[0;34m\u001b[0m\u001b[0m\n",
            "\u001b[0;32m/usr/lib/python3.10/configparser.py\u001b[0m in \u001b[0;36m_unify_values\u001b[0;34m(self, section, vars)\u001b[0m\n\u001b[1;32m   1153\u001b[0m             \u001b[0;32mif\u001b[0m \u001b[0msection\u001b[0m \u001b[0;34m!=\u001b[0m \u001b[0mself\u001b[0m\u001b[0;34m.\u001b[0m\u001b[0mdefault_section\u001b[0m\u001b[0;34m:\u001b[0m\u001b[0;34m\u001b[0m\u001b[0;34m\u001b[0m\u001b[0m\n\u001b[0;32m-> 1154\u001b[0;31m                 \u001b[0;32mraise\u001b[0m \u001b[0mNoSectionError\u001b[0m\u001b[0;34m(\u001b[0m\u001b[0msection\u001b[0m\u001b[0;34m)\u001b[0m \u001b[0;32mfrom\u001b[0m \u001b[0;32mNone\u001b[0m\u001b[0;34m\u001b[0m\u001b[0;34m\u001b[0m\u001b[0m\n\u001b[0m\u001b[1;32m   1155\u001b[0m         \u001b[0;31m# Update with the entry specific variables\u001b[0m\u001b[0;34m\u001b[0m\u001b[0;34m\u001b[0m\u001b[0m\n",
            "\u001b[0;31mNoSectionError\u001b[0m: No section: 'blas'",
            "\nDuring handling of the above exception, another exception occurred:\n",
            "\u001b[0;31mKeyError\u001b[0m                                  Traceback (most recent call last)",
            "\u001b[0;32m/usr/local/lib/python3.10/dist-packages/theano/configparser.py\u001b[0m in \u001b[0;36m__get__\u001b[0;34m(self, cls, type_, delete_key)\u001b[0m\n\u001b[1;32m    326\u001b[0m             \u001b[0;32mtry\u001b[0m\u001b[0;34m:\u001b[0m\u001b[0;34m\u001b[0m\u001b[0;34m\u001b[0m\u001b[0m\n\u001b[0;32m--> 327\u001b[0;31m                 val_str = fetch_val_for_key(self.fullname,\n\u001b[0m\u001b[1;32m    328\u001b[0m                                             delete_key=delete_key)\n",
            "\u001b[0;32m/usr/local/lib/python3.10/dist-packages/theano/configparser.py\u001b[0m in \u001b[0;36mfetch_val_for_key\u001b[0;34m(key, delete_key)\u001b[0m\n\u001b[1;32m    171\u001b[0m     \u001b[0;32mexcept\u001b[0m \u001b[0;34m(\u001b[0m\u001b[0mConfigParser\u001b[0m\u001b[0;34m.\u001b[0m\u001b[0mNoOptionError\u001b[0m\u001b[0;34m,\u001b[0m \u001b[0mConfigParser\u001b[0m\u001b[0;34m.\u001b[0m\u001b[0mNoSectionError\u001b[0m\u001b[0;34m)\u001b[0m\u001b[0;34m:\u001b[0m\u001b[0;34m\u001b[0m\u001b[0;34m\u001b[0m\u001b[0m\n\u001b[0;32m--> 172\u001b[0;31m         \u001b[0;32mraise\u001b[0m \u001b[0mKeyError\u001b[0m\u001b[0;34m(\u001b[0m\u001b[0mkey\u001b[0m\u001b[0;34m)\u001b[0m\u001b[0;34m\u001b[0m\u001b[0;34m\u001b[0m\u001b[0m\n\u001b[0m\u001b[1;32m    173\u001b[0m \u001b[0;34m\u001b[0m\u001b[0m\n",
            "\u001b[0;31mKeyError\u001b[0m: 'blas.ldflags'",
            "\nDuring handling of the above exception, another exception occurred:\n",
            "\u001b[0;31mAttributeError\u001b[0m                            Traceback (most recent call last)",
            "\u001b[0;32m<ipython-input-1-de7cf4aa3da4>\u001b[0m in \u001b[0;36m<cell line: 2>\u001b[0;34m()\u001b[0m\n\u001b[1;32m      1\u001b[0m \u001b[0mget_ipython\u001b[0m\u001b[0;34m(\u001b[0m\u001b[0;34m)\u001b[0m\u001b[0;34m.\u001b[0m\u001b[0msystem\u001b[0m\u001b[0;34m(\u001b[0m\u001b[0;34m'pip install theano'\u001b[0m\u001b[0;34m)\u001b[0m\u001b[0;34m\u001b[0m\u001b[0;34m\u001b[0m\u001b[0m\n\u001b[0;32m----> 2\u001b[0;31m \u001b[0;32mimport\u001b[0m \u001b[0mtheano\u001b[0m\u001b[0;34m\u001b[0m\u001b[0;34m\u001b[0m\u001b[0m\n\u001b[0m\u001b[1;32m      3\u001b[0m \u001b[0;32mfrom\u001b[0m \u001b[0mtheano\u001b[0m \u001b[0;32mimport\u001b[0m \u001b[0;34m*\u001b[0m\u001b[0;34m\u001b[0m\u001b[0;34m\u001b[0m\u001b[0m\n\u001b[1;32m      4\u001b[0m \u001b[0;32mimport\u001b[0m \u001b[0mtheano\u001b[0m\u001b[0;34m.\u001b[0m\u001b[0mtensor\u001b[0m \u001b[0;32mas\u001b[0m \u001b[0mT\u001b[0m\u001b[0;34m\u001b[0m\u001b[0;34m\u001b[0m\u001b[0m\n\u001b[1;32m      5\u001b[0m \u001b[0;32mimport\u001b[0m \u001b[0mnumpy\u001b[0m \u001b[0;32mas\u001b[0m \u001b[0mnp\u001b[0m\u001b[0;34m\u001b[0m\u001b[0;34m\u001b[0m\u001b[0m\n",
            "\u001b[0;32m/usr/local/lib/python3.10/dist-packages/theano/__init__.py\u001b[0m in \u001b[0;36m<module>\u001b[0;34m\u001b[0m\n\u001b[1;32m    122\u001b[0m \u001b[0;32mfrom\u001b[0m \u001b[0mtheano\u001b[0m\u001b[0;34m.\u001b[0m\u001b[0mprinting\u001b[0m \u001b[0;32mimport\u001b[0m \u001b[0mpprint\u001b[0m\u001b[0;34m,\u001b[0m \u001b[0mpp\u001b[0m\u001b[0;34m\u001b[0m\u001b[0;34m\u001b[0m\u001b[0m\n\u001b[1;32m    123\u001b[0m \u001b[0;34m\u001b[0m\u001b[0m\n\u001b[0;32m--> 124\u001b[0;31m from theano.scan_module import (scan, map, reduce, foldl, foldr, clone,\n\u001b[0m\u001b[1;32m    125\u001b[0m                                 scan_checkpoints)\n\u001b[1;32m    126\u001b[0m \u001b[0;34m\u001b[0m\u001b[0m\n",
            "\u001b[0;32m/usr/local/lib/python3.10/dist-packages/theano/scan_module/__init__.py\u001b[0m in \u001b[0;36m<module>\u001b[0;34m\u001b[0m\n\u001b[1;32m     39\u001b[0m \u001b[0m__contact__\u001b[0m \u001b[0;34m=\u001b[0m \u001b[0;34m\"Razvan Pascanu <r.pascanu@gmail>\"\u001b[0m\u001b[0;34m\u001b[0m\u001b[0;34m\u001b[0m\u001b[0m\n\u001b[1;32m     40\u001b[0m \u001b[0;34m\u001b[0m\u001b[0m\n\u001b[0;32m---> 41\u001b[0;31m \u001b[0;32mfrom\u001b[0m \u001b[0mtheano\u001b[0m\u001b[0;34m.\u001b[0m\u001b[0mscan_module\u001b[0m \u001b[0;32mimport\u001b[0m \u001b[0mscan_opt\u001b[0m\u001b[0;34m\u001b[0m\u001b[0;34m\u001b[0m\u001b[0m\n\u001b[0m\u001b[1;32m     42\u001b[0m \u001b[0;32mfrom\u001b[0m \u001b[0mtheano\u001b[0m\u001b[0;34m.\u001b[0m\u001b[0mscan_module\u001b[0m\u001b[0;34m.\u001b[0m\u001b[0mscan\u001b[0m \u001b[0;32mimport\u001b[0m \u001b[0mscan\u001b[0m\u001b[0;34m\u001b[0m\u001b[0;34m\u001b[0m\u001b[0m\n\u001b[1;32m     43\u001b[0m \u001b[0;32mfrom\u001b[0m \u001b[0mtheano\u001b[0m\u001b[0;34m.\u001b[0m\u001b[0mscan_module\u001b[0m\u001b[0;34m.\u001b[0m\u001b[0mscan_checkpoints\u001b[0m \u001b[0;32mimport\u001b[0m \u001b[0mscan_checkpoints\u001b[0m\u001b[0;34m\u001b[0m\u001b[0;34m\u001b[0m\u001b[0m\n",
            "\u001b[0;32m/usr/local/lib/python3.10/dist-packages/theano/scan_module/scan_opt.py\u001b[0m in \u001b[0;36m<module>\u001b[0;34m\u001b[0m\n\u001b[1;32m     58\u001b[0m \u001b[0;34m\u001b[0m\u001b[0m\n\u001b[1;32m     59\u001b[0m \u001b[0;32mimport\u001b[0m \u001b[0mtheano\u001b[0m\u001b[0;34m\u001b[0m\u001b[0;34m\u001b[0m\u001b[0m\n\u001b[0;32m---> 60\u001b[0;31m \u001b[0;32mfrom\u001b[0m \u001b[0mtheano\u001b[0m \u001b[0;32mimport\u001b[0m \u001b[0mtensor\u001b[0m\u001b[0;34m,\u001b[0m \u001b[0mscalar\u001b[0m\u001b[0;34m\u001b[0m\u001b[0;34m\u001b[0m\u001b[0m\n\u001b[0m\u001b[1;32m     61\u001b[0m \u001b[0;32mfrom\u001b[0m \u001b[0mtheano\u001b[0m\u001b[0;34m.\u001b[0m\u001b[0mtensor\u001b[0m \u001b[0;32mimport\u001b[0m \u001b[0mopt\u001b[0m\u001b[0;34m,\u001b[0m \u001b[0mget_scalar_constant_value\u001b[0m\u001b[0;34m,\u001b[0m \u001b[0mAlloc\u001b[0m\u001b[0;34m,\u001b[0m \u001b[0mAllocEmpty\u001b[0m\u001b[0;34m\u001b[0m\u001b[0;34m\u001b[0m\u001b[0m\n\u001b[1;32m     62\u001b[0m \u001b[0;32mfrom\u001b[0m \u001b[0mtheano\u001b[0m \u001b[0;32mimport\u001b[0m \u001b[0mgof\u001b[0m\u001b[0;34m\u001b[0m\u001b[0;34m\u001b[0m\u001b[0m\n",
            "\u001b[0;32m/usr/local/lib/python3.10/dist-packages/theano/tensor/__init__.py\u001b[0m in \u001b[0;36m<module>\u001b[0;34m\u001b[0m\n\u001b[1;32m     15\u001b[0m \u001b[0;32mfrom\u001b[0m \u001b[0mtheano\u001b[0m\u001b[0;34m.\u001b[0m\u001b[0mtensor\u001b[0m \u001b[0;32mimport\u001b[0m \u001b[0mopt\u001b[0m\u001b[0;34m\u001b[0m\u001b[0;34m\u001b[0m\u001b[0m\n\u001b[1;32m     16\u001b[0m \u001b[0;32mfrom\u001b[0m \u001b[0mtheano\u001b[0m\u001b[0;34m.\u001b[0m\u001b[0mtensor\u001b[0m \u001b[0;32mimport\u001b[0m \u001b[0mopt_uncanonicalize\u001b[0m\u001b[0;34m\u001b[0m\u001b[0;34m\u001b[0m\u001b[0m\n\u001b[0;32m---> 17\u001b[0;31m \u001b[0;32mfrom\u001b[0m \u001b[0mtheano\u001b[0m\u001b[0;34m.\u001b[0m\u001b[0mtensor\u001b[0m \u001b[0;32mimport\u001b[0m \u001b[0mblas\u001b[0m\u001b[0;34m\u001b[0m\u001b[0;34m\u001b[0m\u001b[0m\n\u001b[0m\u001b[1;32m     18\u001b[0m \u001b[0;32mfrom\u001b[0m \u001b[0mtheano\u001b[0m\u001b[0;34m.\u001b[0m\u001b[0mtensor\u001b[0m \u001b[0;32mimport\u001b[0m \u001b[0mblas_scipy\u001b[0m\u001b[0;34m\u001b[0m\u001b[0;34m\u001b[0m\u001b[0m\n\u001b[1;32m     19\u001b[0m \u001b[0;32mfrom\u001b[0m \u001b[0mtheano\u001b[0m\u001b[0;34m.\u001b[0m\u001b[0mtensor\u001b[0m \u001b[0;32mimport\u001b[0m \u001b[0mblas_c\u001b[0m\u001b[0;34m\u001b[0m\u001b[0;34m\u001b[0m\u001b[0m\n",
            "\u001b[0;32m/usr/local/lib/python3.10/dist-packages/theano/tensor/blas.py\u001b[0m in \u001b[0;36m<module>\u001b[0;34m\u001b[0m\n\u001b[1;32m    153\u001b[0m \u001b[0;32mfrom\u001b[0m \u001b[0mtheano\u001b[0m\u001b[0;34m.\u001b[0m\u001b[0mscalar\u001b[0m \u001b[0;32mimport\u001b[0m \u001b[0mbool\u001b[0m \u001b[0;32mas\u001b[0m \u001b[0mbool_t\u001b[0m\u001b[0;34m\u001b[0m\u001b[0;34m\u001b[0m\u001b[0m\n\u001b[1;32m    154\u001b[0m \u001b[0;32mfrom\u001b[0m \u001b[0mtheano\u001b[0m\u001b[0;34m.\u001b[0m\u001b[0mtensor\u001b[0m \u001b[0;32mimport\u001b[0m \u001b[0mbasic\u001b[0m \u001b[0;32mas\u001b[0m \u001b[0mT\u001b[0m\u001b[0;34m\u001b[0m\u001b[0;34m\u001b[0m\u001b[0m\n\u001b[0;32m--> 155\u001b[0;31m \u001b[0;32mfrom\u001b[0m \u001b[0mtheano\u001b[0m\u001b[0;34m.\u001b[0m\u001b[0mtensor\u001b[0m\u001b[0;34m.\u001b[0m\u001b[0mblas_headers\u001b[0m \u001b[0;32mimport\u001b[0m \u001b[0mblas_header_text\u001b[0m\u001b[0;34m\u001b[0m\u001b[0;34m\u001b[0m\u001b[0m\n\u001b[0m\u001b[1;32m    156\u001b[0m \u001b[0;32mfrom\u001b[0m \u001b[0mtheano\u001b[0m\u001b[0;34m.\u001b[0m\u001b[0mtensor\u001b[0m\u001b[0;34m.\u001b[0m\u001b[0mblas_headers\u001b[0m \u001b[0;32mimport\u001b[0m \u001b[0mblas_header_version\u001b[0m\u001b[0;34m\u001b[0m\u001b[0;34m\u001b[0m\u001b[0m\n\u001b[1;32m    157\u001b[0m \u001b[0;32mfrom\u001b[0m \u001b[0mtheano\u001b[0m\u001b[0;34m.\u001b[0m\u001b[0mtensor\u001b[0m\u001b[0;34m.\u001b[0m\u001b[0mopt\u001b[0m \u001b[0;32mimport\u001b[0m \u001b[0min2out\u001b[0m\u001b[0;34m,\u001b[0m \u001b[0mlocal_dimshuffle_lift\u001b[0m\u001b[0;34m\u001b[0m\u001b[0;34m\u001b[0m\u001b[0m\n",
            "\u001b[0;32m/usr/local/lib/python3.10/dist-packages/theano/tensor/blas_headers.py\u001b[0m in \u001b[0;36m<module>\u001b[0;34m\u001b[0m\n\u001b[1;32m    985\u001b[0m \u001b[0;34m\u001b[0m\u001b[0m\n\u001b[1;32m    986\u001b[0m \u001b[0;34m\u001b[0m\u001b[0m\n\u001b[0;32m--> 987\u001b[0;31m \u001b[0;32mif\u001b[0m \u001b[0;32mnot\u001b[0m \u001b[0mconfig\u001b[0m\u001b[0;34m.\u001b[0m\u001b[0mblas\u001b[0m\u001b[0;34m.\u001b[0m\u001b[0mldflags\u001b[0m\u001b[0;34m:\u001b[0m\u001b[0;34m\u001b[0m\u001b[0;34m\u001b[0m\u001b[0m\n\u001b[0m\u001b[1;32m    988\u001b[0m     \u001b[0m_logger\u001b[0m\u001b[0;34m.\u001b[0m\u001b[0mwarning\u001b[0m\u001b[0;34m(\u001b[0m\u001b[0;34m'Using NumPy C-API based implementation for BLAS functions.'\u001b[0m\u001b[0;34m)\u001b[0m\u001b[0;34m\u001b[0m\u001b[0;34m\u001b[0m\u001b[0m\n\u001b[1;32m    989\u001b[0m \u001b[0;34m\u001b[0m\u001b[0m\n",
            "\u001b[0;32m/usr/local/lib/python3.10/dist-packages/theano/configparser.py\u001b[0m in \u001b[0;36m__get__\u001b[0;34m(self, cls, type_, delete_key)\u001b[0m\n\u001b[1;32m    330\u001b[0m             \u001b[0;32mexcept\u001b[0m \u001b[0mKeyError\u001b[0m\u001b[0;34m:\u001b[0m\u001b[0;34m\u001b[0m\u001b[0;34m\u001b[0m\u001b[0m\n\u001b[1;32m    331\u001b[0m                 \u001b[0;32mif\u001b[0m \u001b[0mcallable\u001b[0m\u001b[0;34m(\u001b[0m\u001b[0mself\u001b[0m\u001b[0;34m.\u001b[0m\u001b[0mdefault\u001b[0m\u001b[0;34m)\u001b[0m\u001b[0;34m:\u001b[0m\u001b[0;34m\u001b[0m\u001b[0;34m\u001b[0m\u001b[0m\n\u001b[0;32m--> 332\u001b[0;31m                     \u001b[0mval_str\u001b[0m \u001b[0;34m=\u001b[0m \u001b[0mself\u001b[0m\u001b[0;34m.\u001b[0m\u001b[0mdefault\u001b[0m\u001b[0;34m(\u001b[0m\u001b[0;34m)\u001b[0m\u001b[0;34m\u001b[0m\u001b[0;34m\u001b[0m\u001b[0m\n\u001b[0m\u001b[1;32m    333\u001b[0m                 \u001b[0;32melse\u001b[0m\u001b[0;34m:\u001b[0m\u001b[0;34m\u001b[0m\u001b[0;34m\u001b[0m\u001b[0m\n\u001b[1;32m    334\u001b[0m                     \u001b[0mval_str\u001b[0m \u001b[0;34m=\u001b[0m \u001b[0mself\u001b[0m\u001b[0;34m.\u001b[0m\u001b[0mdefault\u001b[0m\u001b[0;34m\u001b[0m\u001b[0;34m\u001b[0m\u001b[0m\n",
            "\u001b[0;32m/usr/local/lib/python3.10/dist-packages/theano/configdefaults.py\u001b[0m in \u001b[0;36mdefault_blas_ldflags\u001b[0;34m()\u001b[0m\n\u001b[1;32m   1282\u001b[0m             \u001b[0;31m# If the old private interface is available use it as it\u001b[0m\u001b[0;34m\u001b[0m\u001b[0;34m\u001b[0m\u001b[0m\n\u001b[1;32m   1283\u001b[0m             \u001b[0;31m# don't print information to the user.\u001b[0m\u001b[0;34m\u001b[0m\u001b[0;34m\u001b[0m\u001b[0m\n\u001b[0;32m-> 1284\u001b[0;31m             \u001b[0mblas_info\u001b[0m \u001b[0;34m=\u001b[0m \u001b[0mnp\u001b[0m\u001b[0;34m.\u001b[0m\u001b[0mdistutils\u001b[0m\u001b[0;34m.\u001b[0m\u001b[0m__config__\u001b[0m\u001b[0;34m.\u001b[0m\u001b[0mblas_opt_info\u001b[0m\u001b[0;34m\u001b[0m\u001b[0;34m\u001b[0m\u001b[0m\n\u001b[0m\u001b[1;32m   1285\u001b[0m         \u001b[0;32melse\u001b[0m\u001b[0;34m:\u001b[0m\u001b[0;34m\u001b[0m\u001b[0;34m\u001b[0m\u001b[0m\n\u001b[1;32m   1286\u001b[0m             \u001b[0;31m# We do this import only here, as in some setup, if we\u001b[0m\u001b[0;34m\u001b[0m\u001b[0;34m\u001b[0m\u001b[0m\n",
            "\u001b[0;31mAttributeError\u001b[0m: module 'numpy.distutils.__config__' has no attribute 'blas_opt_info'"
          ]
        }
      ],
      "source": [
        "!pip install theano\n",
        "import theano\n",
        "from theano import *\n",
        "import theano.tensor as T\n",
        "import numpy as np\n",
        "import pandas as pd\n",
        "from theano import function"
      ]
    },
    {
      "cell_type": "code",
      "source": [
        "v1 = T.dscalar()\n",
        "v2 = T.scalar()"
      ],
      "metadata": {
        "id": "mos43oIKgN9B"
      },
      "execution_count": null,
      "outputs": []
    },
    {
      "cell_type": "code",
      "source": [
        "sres = v1-v2"
      ],
      "metadata": {
        "id": "HHjAYNq_gPow"
      },
      "execution_count": null,
      "outputs": []
    },
    {
      "cell_type": "code",
      "source": [
        "ares = v1+v2"
      ],
      "metadata": {
        "id": "J_80wdgsgRo4"
      },
      "execution_count": null,
      "outputs": []
    },
    {
      "cell_type": "code",
      "source": [
        "calcsres = theano.function([v1,v2],sres)\n",
        "calcares = theano.function([v1,v2],ares)\n",
        "calcares(12,23)\n",
        "calcsres(13,12)\n",
        "x = T.dmatrix('x')\n",
        "y = T.dmatrix('y')"
      ],
      "metadata": {
        "id": "kT_FTPYfgTqI"
      },
      "execution_count": null,
      "outputs": []
    },
    {
      "cell_type": "code",
      "source": [
        "z = x+y\n",
        "func = function([x,y],z)\n",
        "m1 = [\n",
        "[1,2],\n",
        "[3,4]\n",
        "]\n",
        "m2 = [\n",
        "[4,5],\n",
        "[6,7]\n",
        "]\n",
        "func(m1,m2)"
      ],
      "metadata": {
        "id": "1EiQAjrsgVdo"
      },
      "execution_count": null,
      "outputs": []
    }
  ]
}